This is pdfTeX, Version 3.14159265-2.6-1.40.18 (TeX Live 2017/Debian) (preloaded format=pdflatex 2020.2.12)  7 APR 2020 12:28
entering extended mode
 restricted \write18 enabled.
 %&-line parsing enabled.
**document.tex
(./document.tex
LaTeX2e <2017-04-15>
Babel <3.18> and hyphenation patterns for 84 language(s) loaded.
(/usr/share/texlive/texmf-dist/tex/latex/base/article.cls
Document Class: article 2014/09/29 v1.4h Standard LaTeX document class
(/usr/share/texlive/texmf-dist/tex/latex/base/size12.clo
File: size12.clo 2014/09/29 v1.4h Standard LaTeX file (size option)
)
\c@part=\count79
\c@section=\count80
\c@subsection=\count81
\c@subsubsection=\count82
\c@paragraph=\count83
\c@subparagraph=\count84
\c@figure=\count85
\c@table=\count86
\abovecaptionskip=\skip41
\belowcaptionskip=\skip42
\bibindent=\dimen102
)
(/usr/share/texlive/texmf-dist/tex/latex/base/inputenc.sty
Package: inputenc 2015/03/17 v1.2c Input encoding file
\inpenc@prehook=\toks14
\inpenc@posthook=\toks15

(/usr/share/texlive/texmf-dist/tex/latex/base/latin1.def
File: latin1.def 2015/03/17 v1.2c Input encoding file
))
(/usr/share/texlive/texmf-dist/tex/generic/babel/babel.sty
Package: babel 2018/02/14 3.18 The Babel package

(/usr/share/texlive/texmf-dist/tex/generic/babel/switch.def
File: switch.def 2018/02/14 3.18 Babel switching mechanism
)
(/usr/share/texlive/texmf-dist/tex/generic/babel-spanish/spanish.ldf
Language: spanish.ldf 2016/03/03 v5.0p Spanish support from the babel system

(/usr/share/texlive/texmf-dist/tex/generic/babel/babel.def
File: babel.def 2018/02/14 3.18 Babel common definitions
\babel@savecnt=\count87
\U@D=\dimen103

(/usr/share/texlive/texmf-dist/tex/generic/babel/txtbabel.def)
\bbl@dirlevel=\count88
)
\es@quottoks=\toks16
\es@quotdepth=\count89
Package babel Info: Making " an active character on input line 561.
Package babel Info: Making . an active character on input line 662.
Package babel Info: Making < an active character on input line 707.
Package babel Info: Making > an active character on input line 707.
))
(/usr/share/texlive/texmf-dist/tex/latex/xcolor/xcolor.sty
Package: xcolor 2016/05/11 v2.12 LaTeX color extensions (UK)

(/usr/share/texlive/texmf-dist/tex/latex/graphics-cfg/color.cfg
File: color.cfg 2016/01/02 v1.6 sample color configuration
)
Package xcolor Info: Driver file: pdftex.def on input line 225.

(/usr/share/texlive/texmf-dist/tex/latex/graphics-def/pdftex.def
File: pdftex.def 2018/01/08 v1.0l Graphics/color driver for pdftex
)
(/usr/share/texlive/texmf-dist/tex/latex/colortbl/colortbl.sty
Package: colortbl 2012/02/13 v1.0a Color table columns (DPC)

(/usr/share/texlive/texmf-dist/tex/latex/tools/array.sty
Package: array 2016/10/06 v2.4d Tabular extension package (FMi)
\col@sep=\dimen104
\extrarowheight=\dimen105
\NC@list=\toks17
\extratabsurround=\skip43
\backup@length=\skip44
)
\everycr=\toks18
\minrowclearance=\skip45
)
\rownum=\count90
Package xcolor Info: Model `cmy' substituted by `cmy0' on input line 1348.
Package xcolor Info: Model `hsb' substituted by `rgb' on input line 1352.
Package xcolor Info: Model `RGB' extended on input line 1364.
Package xcolor Info: Model `HTML' substituted by `rgb' on input line 1366.
Package xcolor Info: Model `Hsb' substituted by `hsb' on input line 1367.
Package xcolor Info: Model `tHsb' substituted by `hsb' on input line 1368.
Package xcolor Info: Model `HSB' substituted by `hsb' on input line 1369.
Package xcolor Info: Model `Gray' substituted by `gray' on input line 1370.
Package xcolor Info: Model `wave' substituted by `hsb' on input line 1371.

(/usr/share/texlive/texmf-dist/tex/latex/xcolor/x11nam.def
File: x11nam.def 2016/05/11 v2.12 Predefined colors according to Unix/X11 (UK)
))
(/usr/share/texlive/texmf-dist/tex/latex/geometry/geometry.sty
Package: geometry 2010/09/12 v5.6 Page Geometry

(/usr/share/texlive/texmf-dist/tex/latex/graphics/keyval.sty
Package: keyval 2014/10/28 v1.15 key=value parser (DPC)
\KV@toks@=\toks19
)
(/usr/share/texlive/texmf-dist/tex/generic/oberdiek/ifpdf.sty
Package: ifpdf 2017/03/15 v3.2 Provides the ifpdf switch
)
(/usr/share/texlive/texmf-dist/tex/generic/oberdiek/ifvtex.sty
Package: ifvtex 2016/05/16 v1.6 Detect VTeX and its facilities (HO)
Package ifvtex Info: VTeX not detected.
)
(/usr/share/texlive/texmf-dist/tex/generic/ifxetex/ifxetex.sty
Package: ifxetex 2010/09/12 v0.6 Provides ifxetex conditional
)
\Gm@cnth=\count91
\Gm@cntv=\count92
\c@Gm@tempcnt=\count93
\Gm@bindingoffset=\dimen106
\Gm@wd@mp=\dimen107
\Gm@odd@mp=\dimen108
\Gm@even@mp=\dimen109
\Gm@layoutwidth=\dimen110
\Gm@layoutheight=\dimen111
\Gm@layouthoffset=\dimen112
\Gm@layoutvoffset=\dimen113
\Gm@dimlist=\toks20
)
(/usr/share/texlive/texmf-dist/tex/latex/amsmath/amsmath.sty
Package: amsmath 2017/09/02 v2.17a AMS math features
\@mathmargin=\skip46

For additional information on amsmath, use the `?' option.
(/usr/share/texlive/texmf-dist/tex/latex/amsmath/amstext.sty
Package: amstext 2000/06/29 v2.01 AMS text

(/usr/share/texlive/texmf-dist/tex/latex/amsmath/amsgen.sty
File: amsgen.sty 1999/11/30 v2.0 generic functions
\@emptytoks=\toks21
\ex@=\dimen114
))
(/usr/share/texlive/texmf-dist/tex/latex/amsmath/amsbsy.sty
Package: amsbsy 1999/11/29 v1.2d Bold Symbols
\pmbraise@=\dimen115
)
(/usr/share/texlive/texmf-dist/tex/latex/amsmath/amsopn.sty
Package: amsopn 2016/03/08 v2.02 operator names
)
\inf@bad=\count94
LaTeX Info: Redefining \frac on input line 213.
\uproot@=\count95
\leftroot@=\count96
LaTeX Info: Redefining \overline on input line 375.
\classnum@=\count97
\DOTSCASE@=\count98
LaTeX Info: Redefining \ldots on input line 472.
LaTeX Info: Redefining \dots on input line 475.
LaTeX Info: Redefining \cdots on input line 596.
\Mathstrutbox@=\box26
\strutbox@=\box27
\big@size=\dimen116
LaTeX Font Info:    Redeclaring font encoding OML on input line 712.
LaTeX Font Info:    Redeclaring font encoding OMS on input line 713.
\macc@depth=\count99
\c@MaxMatrixCols=\count100
\dotsspace@=\muskip10
\c@parentequation=\count101
\dspbrk@lvl=\count102
\tag@help=\toks22
\row@=\count103
\column@=\count104
\maxfields@=\count105
\andhelp@=\toks23
\eqnshift@=\dimen117
\alignsep@=\dimen118
\tagshift@=\dimen119
\tagwidth@=\dimen120
\totwidth@=\dimen121
\lineht@=\dimen122
\@envbody=\toks24
\multlinegap=\skip47
\multlinetaggap=\skip48
\mathdisplay@stack=\toks25
LaTeX Info: Redefining \[ on input line 2817.
LaTeX Info: Redefining \] on input line 2818.
)
(/usr/share/texlive/texmf-dist/tex/latex/amscls/amsthm.sty
Package: amsthm 2017/10/31 v2.20.4
\thm@style=\toks26
\thm@bodyfont=\toks27
\thm@headfont=\toks28
\thm@notefont=\toks29
\thm@headpunct=\toks30
\thm@preskip=\skip49
\thm@postskip=\skip50
\thm@headsep=\skip51
\dth@everypar=\toks31
)
(/usr/share/texlive/texmf-dist/tex/latex/amsfonts/amsfonts.sty
Package: amsfonts 2013/01/14 v3.01 Basic AMSFonts support
\symAMSa=\mathgroup4
\symAMSb=\mathgroup5
LaTeX Font Info:    Overwriting math alphabet `\mathfrak' in version `bold'
(Font)                  U/euf/m/n --> U/euf/b/n on input line 106.
)
(/usr/share/texlive/texmf-dist/tex/latex/graphics/graphics.sty
Package: graphics 2017/06/25 v1.2c Standard LaTeX Graphics (DPC,SPQR)

(/usr/share/texlive/texmf-dist/tex/latex/graphics/trig.sty
Package: trig 2016/01/03 v1.10 sin cos tan (DPC)
)
(/usr/share/texlive/texmf-dist/tex/latex/graphics-cfg/graphics.cfg
File: graphics.cfg 2016/06/04 v1.11 sample graphics configuration
)
Package graphics Info: Driver file: pdftex.def on input line 99.
)
(/usr/share/texlive/texmf-dist/tex/latex/listings/listings.sty
\lst@mode=\count106
\lst@gtempboxa=\box28
\lst@token=\toks32
\lst@length=\count107
\lst@currlwidth=\dimen123
\lst@column=\count108
\lst@pos=\count109
\lst@lostspace=\dimen124
\lst@width=\dimen125
\lst@newlines=\count110
\lst@lineno=\count111
\lst@maxwidth=\dimen126

(/usr/share/texlive/texmf-dist/tex/latex/listings/lstmisc.sty
File: lstmisc.sty 2015/06/04 1.6 (Carsten Heinz)
\c@lstnumber=\count112
\lst@skipnumbers=\count113
\lst@framebox=\box29
)
(/usr/share/texlive/texmf-dist/tex/latex/listings/listings.cfg
File: listings.cfg 2015/06/04 1.6 listings configuration
))
Package: listings 2015/06/04 1.6 (Carsten Heinz)

(/usr/share/texlive/texmf-dist/tex/latex/float/float.sty
Package: float 2001/11/08 v1.3d Float enhancements (AL)
\c@float@type=\count114
\float@exts=\toks33
\float@box=\box30
\@float@everytoks=\toks34
\@floatcapt=\box31
)
(/usr/share/texlive/texmf-dist/tex/latex/graphics/epsfig.sty
Package: epsfig 2017/06/25 v1.7b (e)psfig emulation (SPQR)

(/usr/share/texlive/texmf-dist/tex/latex/graphics/graphicx.sty
Package: graphicx 2017/06/01 v1.1a Enhanced LaTeX Graphics (DPC,SPQR)
\Gin@req@height=\dimen127
\Gin@req@width=\dimen128
)
\epsfxsize=\dimen129
\epsfysize=\dimen130
)
(/usr/share/texlive/texmf-dist/tex/latex/amsfonts/amssymb.sty
Package: amssymb 2013/01/14 v3.01 AMS font symbols
)
(/usr/share/texlive/texmf-dist/tex/latex/doublestroke/dsfont.sty
Package: dsfont 1995/08/01 v0.1 Double stroke roman fonts
)
(/usr/share/texlive/texmf-dist/tex/latex/base/latexsym.sty
Package: latexsym 1998/08/17 v2.2e Standard LaTeX package (lasy symbols)
\symlasy=\mathgroup6
LaTeX Font Info:    Overwriting symbol font `lasy' in version `bold'
(Font)                  U/lasy/m/n --> U/lasy/b/n on input line 52.
)
(/usr/share/texlive/texmf-dist/tex/latex/base/newlfont.sty
Package: newlfont 1998/08/17 v2.2m Standard LaTeX package
LaTeX Info: Redefining \em on input line 57.
)
(/usr/share/texlive/texmf-dist/tex/latex/oberdiek/epstopdf.sty
Package: epstopdf 2016/05/15 v2.6 Conversion with epstopdf on the fly (HO)

(/usr/share/texlive/texmf-dist/tex/latex/oberdiek/epstopdf-base.sty
Package: epstopdf-base 2016/05/15 v2.6 Base part for package epstopdf

(/usr/share/texlive/texmf-dist/tex/generic/oberdiek/infwarerr.sty
Package: infwarerr 2016/05/16 v1.4 Providing info/warning/error messages (HO)
)
(/usr/share/texlive/texmf-dist/tex/latex/oberdiek/grfext.sty
Package: grfext 2016/05/16 v1.2 Manage graphics extensions (HO)

(/usr/share/texlive/texmf-dist/tex/generic/oberdiek/kvdefinekeys.sty
Package: kvdefinekeys 2016/05/16 v1.4 Define keys (HO)

(/usr/share/texlive/texmf-dist/tex/generic/oberdiek/ltxcmds.sty
Package: ltxcmds 2016/05/16 v1.23 LaTeX kernel commands for general use (HO)
)))
(/usr/share/texlive/texmf-dist/tex/latex/oberdiek/kvoptions.sty
Package: kvoptions 2016/05/16 v3.12 Key value format for package options (HO)

(/usr/share/texlive/texmf-dist/tex/generic/oberdiek/kvsetkeys.sty
Package: kvsetkeys 2016/05/16 v1.17 Key value parser (HO)

(/usr/share/texlive/texmf-dist/tex/generic/oberdiek/etexcmds.sty
Package: etexcmds 2016/05/16 v1.6 Avoid name clashes with e-TeX commands (HO)

(/usr/share/texlive/texmf-dist/tex/generic/oberdiek/ifluatex.sty
Package: ifluatex 2016/05/16 v1.4 Provides the ifluatex switch (HO)
Package ifluatex Info: LuaTeX not detected.
)
Package etexcmds Info: Could not find \expanded.
(etexcmds)             That can mean that you are not using pdfTeX 1.50 or
(etexcmds)             that some package has redefined \expanded.
(etexcmds)             In the latter case, load this package earlier.
)))
(/usr/share/texlive/texmf-dist/tex/generic/oberdiek/pdftexcmds.sty
Package: pdftexcmds 2018/01/21 v0.26 Utility functions of pdfTeX for LuaTeX (HO
)
Package pdftexcmds Info: LuaTeX not detected.
Package pdftexcmds Info: \pdf@primitive is available.
Package pdftexcmds Info: \pdf@ifprimitive is available.
Package pdftexcmds Info: \pdfdraftmode found.
)
Package epstopdf-base Info: Redefining graphics rule for `.eps' on input line 4
38.
Package grfext Info: Graphics extension search list:
(grfext)             [.pdf,.png,.jpg,.mps,.jpeg,.jbig2,.jb2,.PDF,.PNG,.JPG,.JPE
G,.JBIG2,.JB2,.eps]
(grfext)             \AppendGraphicsExtensions on input line 456.

(/usr/share/texlive/texmf-dist/tex/latex/latexconfig/epstopdf-sys.cfg
File: epstopdf-sys.cfg 2010/07/13 v1.3 Configuration of (r)epstopdf for TeX Liv
e
)))
(/usr/share/texlive/texmf-dist/tex/latex/caption/caption.sty
Package: caption 2016/02/21 v3.3-144 Customizing captions (AR)

(/usr/share/texlive/texmf-dist/tex/latex/caption/caption3.sty
Package: caption3 2016/05/22 v1.7-166 caption3 kernel (AR)
Package caption3 Info: TeX engine: e-TeX on input line 67.
\captionmargin=\dimen131
\captionmargin@=\dimen132
\captionwidth=\dimen133
\caption@tempdima=\dimen134
\caption@indent=\dimen135
\caption@parindent=\dimen136
\caption@hangindent=\dimen137
)
\c@ContinuedFloat=\count115
Package caption Info: float package is loaded.
Package caption Info: listings package is loaded.
)
(/usr/share/texlive/texmf-dist/tex/latex/multirow/multirow.sty
Package: multirow 2016/11/25 v2.2 Span multiple rows of a table
\multirow@colwidth=\skip52
\multirow@cntb=\count116
\multirow@dima=\skip53
\bigstrutjot=\dimen138
)
(/usr/share/texlive/texmf-dist/tex/latex/hyperref/hyperref.sty
Package: hyperref 2018/02/06 v6.86b Hypertext links for LaTeX

(/usr/share/texlive/texmf-dist/tex/generic/oberdiek/hobsub-hyperref.sty
Package: hobsub-hyperref 2016/05/16 v1.14 Bundle oberdiek, subset hyperref (HO)


(/usr/share/texlive/texmf-dist/tex/generic/oberdiek/hobsub-generic.sty
Package: hobsub-generic 2016/05/16 v1.14 Bundle oberdiek, subset generic (HO)
Package: hobsub 2016/05/16 v1.14 Construct package bundles (HO)
Package hobsub Info: Skipping package `infwarerr' (already loaded).
Package hobsub Info: Skipping package `ltxcmds' (already loaded).
Package hobsub Info: Skipping package `ifluatex' (already loaded).
Package hobsub Info: Skipping package `ifvtex' (already loaded).
Package: intcalc 2016/05/16 v1.2 Expandable calculations with integers (HO)
Package hobsub Info: Skipping package `ifpdf' (already loaded).
Package hobsub Info: Skipping package `etexcmds' (already loaded).
Package hobsub Info: Skipping package `kvsetkeys' (already loaded).
Package hobsub Info: Skipping package `kvdefinekeys' (already loaded).
Package hobsub Info: Skipping package `pdftexcmds' (already loaded).
Package: pdfescape 2016/05/16 v1.14 Implements pdfTeX's escape features (HO)
Package: bigintcalc 2016/05/16 v1.4 Expandable calculations on big integers (HO
)
Package: bitset 2016/05/16 v1.2 Handle bit-vector datatype (HO)
Package: uniquecounter 2016/05/16 v1.3 Provide unlimited unique counter (HO)
)
Package hobsub Info: Skipping package `hobsub' (already loaded).
Package: letltxmacro 2016/05/16 v1.5 Let assignment for LaTeX macros (HO)
Package: hopatch 2016/05/16 v1.3 Wrapper for package hooks (HO)
Package: xcolor-patch 2016/05/16 xcolor patch
Package: atveryend 2016/05/16 v1.9 Hooks at the very end of document (HO)
Package atveryend Info: \enddocument detected (standard20110627).
Package: atbegshi 2016/06/09 v1.18 At begin shipout hook (HO)
Package: refcount 2016/05/16 v3.5 Data extraction from label references (HO)
Package: hycolor 2016/05/16 v1.8 Color options for hyperref/bookmark (HO)
)
(/usr/share/texlive/texmf-dist/tex/latex/oberdiek/auxhook.sty
Package: auxhook 2016/05/16 v1.4 Hooks for auxiliary files (HO)
)
\@linkdim=\dimen139
\Hy@linkcounter=\count117
\Hy@pagecounter=\count118

(/usr/share/texlive/texmf-dist/tex/latex/hyperref/pd1enc.def
File: pd1enc.def 2018/02/06 v6.86b Hyperref: PDFDocEncoding definition (HO)
)
\Hy@SavedSpaceFactor=\count119

(/usr/share/texlive/texmf-dist/tex/latex/latexconfig/hyperref.cfg
File: hyperref.cfg 2002/06/06 v1.2 hyperref configuration of TeXLive
)
Package hyperref Info: Option `colorlinks' set `true' on input line 4383.
Package hyperref Info: Hyper figures OFF on input line 4509.
Package hyperref Info: Link nesting OFF on input line 4514.
Package hyperref Info: Hyper index ON on input line 4517.
Package hyperref Info: Plain pages OFF on input line 4524.
Package hyperref Info: Backreferencing OFF on input line 4529.
Package hyperref Info: Implicit mode ON; LaTeX internals redefined.
Package hyperref Info: Bookmarks ON on input line 4762.
\c@Hy@tempcnt=\count120

(/usr/share/texlive/texmf-dist/tex/latex/url/url.sty
\Urlmuskip=\muskip11
Package: url 2013/09/16  ver 3.4  Verb mode for urls, etc.
)
LaTeX Info: Redefining \url on input line 5115.
\XeTeXLinkMargin=\dimen140
\Fld@menulength=\count121
\Field@Width=\dimen141
\Fld@charsize=\dimen142
Package hyperref Info: Hyper figures OFF on input line 6369.
Package hyperref Info: Link nesting OFF on input line 6374.
Package hyperref Info: Hyper index ON on input line 6377.
Package hyperref Info: backreferencing OFF on input line 6384.
Package hyperref Info: Link coloring ON on input line 6387.
Package hyperref Info: Link coloring with OCG OFF on input line 6394.
Package hyperref Info: PDF/A mode OFF on input line 6399.
LaTeX Info: Redefining \ref on input line 6439.
LaTeX Info: Redefining \pageref on input line 6443.
\Hy@abspage=\count122
\c@Item=\count123
\c@Hfootnote=\count124
)
Package hyperref Info: Driver (autodetected): hpdftex.

(/usr/share/texlive/texmf-dist/tex/latex/hyperref/hpdftex.def
File: hpdftex.def 2018/02/06 v6.86b Hyperref driver for pdfTeX
\Fld@listcount=\count125
\c@bookmark@seq@number=\count126

(/usr/share/texlive/texmf-dist/tex/latex/oberdiek/rerunfilecheck.sty
Package: rerunfilecheck 2016/05/16 v1.8 Rerun checks for auxiliary files (HO)
Package uniquecounter Info: New unique counter `rerunfilecheck' on input line 2
82.
)
\Hy@SectionHShift=\skip54
)
(/usr/share/texlive/texmf-dist/tex/latex/wrapfig/wrapfig.sty
\wrapoverhang=\dimen143
\WF@size=\dimen144
\c@WF@wrappedlines=\count127
\WF@box=\box32
\WF@everypar=\toks35
Package: wrapfig 2003/01/31  v 3.6
)
(/usr/share/texlive/texmf-dist/tex/latex/floatflt/floatflt.sty
Package: floatflt 1997/07/16 v. 1.31
\c@OptionTest=\count128
\figbox=\box33
\tabbox=\box34
\pagebox=\box35
\ffigcount=\count129
\ftabcount=\count130
\fftest=\count131
\hangcount=\count132
\nosuccesstryfig=\count133
\nosuccesstrytab=\count134
\figgutter=\dimen145
\tabgutter=\dimen146
\htdone=\dimen147
\pageht=\dimen148
\startpageht=\dimen149
\tabbredd=\dimen150
\floatfltwidth=\dimen151
\fltitemwidth=\dimen152
\outputpretest=\toks36
)
(/usr/share/texlive/texmf-dist/tex/latex/tools/multicol.sty
Package: multicol 2017/04/11 v1.8q multicolumn formatting (FMi)
\c@tracingmulticols=\count135
\mult@box=\box36
\multicol@leftmargin=\dimen153
\c@unbalance=\count136
\c@collectmore=\count137
\doublecol@number=\count138
\multicoltolerance=\count139
\multicolpretolerance=\count140
\full@width=\dimen154
\page@free=\dimen155
\premulticols=\dimen156
\postmulticols=\dimen157
\multicolsep=\skip55
\multicolbaselineskip=\skip56
\partial@page=\box37
\last@line=\box38
\maxbalancingoverflow=\dimen158
\mult@rightbox=\box39
\mult@grightbox=\box40
\mult@gfirstbox=\box41
\mult@firstbox=\box42
\@tempa=\box43
\@tempa=\box44
\@tempa=\box45
\@tempa=\box46
\@tempa=\box47
\@tempa=\box48
\@tempa=\box49
\@tempa=\box50
\@tempa=\box51
\@tempa=\box52
\@tempa=\box53
\@tempa=\box54
\@tempa=\box55
\@tempa=\box56
\@tempa=\box57
\@tempa=\box58
\@tempa=\box59
\c@columnbadness=\count141
\c@finalcolumnbadness=\count142
\last@try=\dimen159
\multicolovershoot=\dimen160
\multicolundershoot=\dimen161
\mult@nat@firstbox=\box60
\colbreak@box=\box61
\mc@col@check@num=\count143
)
(/usr/share/texlive/texmf-dist/tex/latex/listings/lstlang1.sty
File: lstlang1.sty 2015/06/04 1.6 listings language file
)
(/usr/share/texlive/texmf-dist/tex/latex/listings/lstlang2.sty
File: lstlang2.sty 2015/06/04 1.6 listings language file
)
(/usr/share/texlive/texmf-dist/tex/latex/listings/lstlang3.sty
File: lstlang3.sty 2015/06/04 1.6 listings language file
)
\c@thm=\count144
\c@definition=\count145
\c@theorem=\count146
\c@corollary=\count147
\c@lemma=\count148
\c@proposition=\count149
 (./document.aux
LaTeX Info: Redefining \. on input line 23.
LaTeX Info: Redefining \% on input line 23.
LaTeX Info: Redefining \. on input line 24.
LaTeX Info: Redefining \% on input line 24.
)
\openout1 = `document.aux'.

LaTeX Font Info:    Checking defaults for OML/cmm/m/it on input line 105.
LaTeX Font Info:    ... okay on input line 105.
LaTeX Font Info:    Checking defaults for T1/cmr/m/n on input line 105.
LaTeX Font Info:    ... okay on input line 105.
LaTeX Font Info:    Checking defaults for OT1/cmr/m/n on input line 105.
LaTeX Font Info:    ... okay on input line 105.
LaTeX Font Info:    Checking defaults for OMS/cmsy/m/n on input line 105.
LaTeX Font Info:    ... okay on input line 105.
LaTeX Font Info:    Checking defaults for OMX/cmex/m/n on input line 105.
LaTeX Font Info:    ... okay on input line 105.
LaTeX Font Info:    Checking defaults for U/cmr/m/n on input line 105.
LaTeX Font Info:    ... okay on input line 105.
LaTeX Font Info:    Checking defaults for PD1/pdf/m/n on input line 105.
LaTeX Font Info:    ... okay on input line 105.
LaTeX Info: Redefining \. on input line 105.
LaTeX Info: Redefining \% on input line 105.
 (/usr/share/texlive/texmf-dist/tex/context/base/mkii/supp-pdf.mkii
[Loading MPS to PDF converter (version 2006.09.02).]
\scratchcounter=\count150
\scratchdimen=\dimen162
\scratchbox=\box62
\nofMPsegments=\count151
\nofMParguments=\count152
\everyMPshowfont=\toks37
\MPscratchCnt=\count153
\MPscratchDim=\dimen163
\MPnumerator=\count154
\makeMPintoPDFobject=\count155
\everyMPtoPDFconversion=\toks38
)
*geometry* driver: auto-detecting
*geometry* detected driver: pdftex
*geometry* verbose mode - [ preamble ] result:
* driver: pdftex
* paper: <default>
* layout: <same size as paper>
* layoutoffset:(h,v)=(0.0pt,0.0pt)
* modes: 
* h-part:(L,W,R)=(72.26999pt, 469.75502pt, 72.26999pt)
* v-part:(T,H,B)=(72.26999pt, 650.43001pt, 72.26999pt)
* \paperwidth=614.295pt
* \paperheight=794.96999pt
* \textwidth=469.75502pt
* \textheight=650.43001pt
* \oddsidemargin=0.0pt
* \evensidemargin=0.0pt
* \topmargin=-37.0pt
* \headheight=12.0pt
* \headsep=25.0pt
* \topskip=12.0pt
* \footskip=30.0pt
* \marginparwidth=44.0pt
* \marginparsep=10.0pt
* \columnsep=10.0pt
* \skip\footins=10.8pt plus 4.0pt minus 2.0pt
* \hoffset=0.0pt
* \voffset=0.0pt
* \mag=1000
* \@twocolumnfalse
* \@twosidefalse
* \@mparswitchfalse
* \@reversemarginfalse
* (1in=72.27pt=25.4mm, 1cm=28.453pt)

\c@lstlisting=\count156
Package caption Info: Begin \AtBeginDocument code.
Package caption Info: floatflt package is loaded.
Package caption Info: hyperref package is loaded.
Package caption Info: wrapfig package is loaded.
Package caption Info: End \AtBeginDocument code.
\AtBeginShipoutBox=\box63
Package hyperref Info: Link coloring ON on input line 105.
(/usr/share/texlive/texmf-dist/tex/latex/hyperref/nameref.sty
Package: nameref 2016/05/21 v2.44 Cross-referencing by name of section

(/usr/share/texlive/texmf-dist/tex/generic/oberdiek/gettitlestring.sty
Package: gettitlestring 2016/05/16 v1.5 Cleanup title references (HO)
)
\c@section@level=\count157
)
LaTeX Info: Redefining \ref on input line 105.
LaTeX Info: Redefining \pageref on input line 105.
LaTeX Info: Redefining \nameref on input line 105.

(./document.out) (./document.out)
\@outlinefile=\write3
\openout3 = `document.out'.

LaTeX Font Info:    Try loading font information for U+msa on input line 108.

(/usr/share/texlive/texmf-dist/tex/latex/amsfonts/umsa.fd
File: umsa.fd 2013/01/14 v3.01 AMS symbols A
)
LaTeX Font Info:    Try loading font information for U+msb on input line 108.

(/usr/share/texlive/texmf-dist/tex/latex/amsfonts/umsb.fd
File: umsb.fd 2013/01/14 v3.01 AMS symbols B
)
LaTeX Font Info:    Try loading font information for U+lasy on input line 108.

(/usr/share/texlive/texmf-dist/tex/latex/base/ulasy.fd
File: ulasy.fd 1998/08/17 v2.2e LaTeX symbol font definitions
)
LaTeX Info: Redefining \. on input line 109.
LaTeX Info: Redefining \% on input line 109.
Package babel Info: Redefining spanish shorthand <<
(babel)             in language  on input line 111.
Package babel Info: Redefining spanish shorthand >>
(babel)             in language  on input line 111.
Package babel Info: Redefining spanish shorthand "=
(babel)             in language  on input line 111.
Package babel Info: Redefining spanish shorthand "~
(babel)             in language  on input line 111.
Package babel Info: Redefining spanish shorthand "!
(babel)             in language  on input line 111.
Package babel Info: Redefining spanish shorthand "?
(babel)             in language  on input line 111.
Package babel Info: Redefining spanish shorthand <<
(babel)             in language  on input line 111.
Package babel Info: Redefining spanish shorthand >>
(babel)             in language  on input line 111.
Package babel Info: Redefining spanish shorthand "=
(babel)             in language  on input line 111.
Package babel Info: Redefining spanish shorthand "~
(babel)             in language  on input line 111.
Package babel Info: Redefining spanish shorthand "!
(babel)             in language  on input line 111.
Package babel Info: Redefining spanish shorthand "?
(babel)             in language  on input line 111.
 [1

{/var/lib/texmf/fonts/map/pdftex/updmap/pdftex.map}] (./document.toc
LaTeX Info: Redefining \. on input line 1.
LaTeX Info: Redefining \% on input line 1.
LaTeX Info: Redefining \. on input line 2.
LaTeX Info: Redefining \% on input line 2.
)
\tf@toc=\write4
\openout4 = `document.toc'.

Package babel Info: Redefining spanish shorthand <<
(babel)             in language  on input line 114.
Package babel Info: Redefining spanish shorthand >>
(babel)             in language  on input line 114.
Package babel Info: Redefining spanish shorthand "=
(babel)             in language  on input line 114.
Package babel Info: Redefining spanish shorthand "~
(babel)             in language  on input line 114.
Package babel Info: Redefining spanish shorthand "!
(babel)             in language  on input line 114.
Package babel Info: Redefining spanish shorthand "?
(babel)             in language  on input line 114.
Package babel Info: Redefining spanish shorthand <<
(babel)             in language  on input line 114.
Package babel Info: Redefining spanish shorthand >>
(babel)             in language  on input line 114.
Package babel Info: Redefining spanish shorthand "=
(babel)             in language  on input line 114.
Package babel Info: Redefining spanish shorthand "~
(babel)             in language  on input line 114.
Package babel Info: Redefining spanish shorthand "!
(babel)             in language  on input line 114.
Package babel Info: Redefining spanish shorthand "?
(babel)             in language  on input line 114.
 [2]
Package babel Info: Redefining spanish shorthand <<
(babel)             in language  on input line 116.
Package babel Info: Redefining spanish shorthand >>
(babel)             in language  on input line 116.
Package babel Info: Redefining spanish shorthand "=
(babel)             in language  on input line 116.
Package babel Info: Redefining spanish shorthand "~
(babel)             in language  on input line 116.
Package babel Info: Redefining spanish shorthand "!
(babel)             in language  on input line 116.
Package babel Info: Redefining spanish shorthand "?
(babel)             in language  on input line 116.
Package babel Info: Redefining spanish shorthand <<
(babel)             in language  on input line 123.
Package babel Info: Redefining spanish shorthand >>
(babel)             in language  on input line 123.
Package babel Info: Redefining spanish shorthand "=
(babel)             in language  on input line 123.
Package babel Info: Redefining spanish shorthand "~
(babel)             in language  on input line 123.
Package babel Info: Redefining spanish shorthand "!
(babel)             in language  on input line 123.
Package babel Info: Redefining spanish shorthand "?
(babel)             in language  on input line 123.
Package babel Info: Redefining spanish shorthand <<
(babel)             in language  on input line 123.
Package babel Info: Redefining spanish shorthand >>
(babel)             in language  on input line 123.
Package babel Info: Redefining spanish shorthand "=
(babel)             in language  on input line 123.
Package babel Info: Redefining spanish shorthand "~
(babel)             in language  on input line 123.
Package babel Info: Redefining spanish shorthand "!
(babel)             in language  on input line 123.
Package babel Info: Redefining spanish shorthand "?
(babel)             in language  on input line 123.
 [3]
Package babel Info: Redefining spanish shorthand <<
(babel)             in language  on input line 125.
Package babel Info: Redefining spanish shorthand >>
(babel)             in language  on input line 125.
Package babel Info: Redefining spanish shorthand "=
(babel)             in language  on input line 125.
Package babel Info: Redefining spanish shorthand "~
(babel)             in language  on input line 125.
Package babel Info: Redefining spanish shorthand "!
(babel)             in language  on input line 125.
Package babel Info: Redefining spanish shorthand "?
(babel)             in language  on input line 125.
LaTeX Font Info:    Try loading font information for OT1+ptm on input line 140.


(/usr/share/texlive/texmf-dist/tex/latex/psnfss/ot1ptm.fd
File: ot1ptm.fd 2001/06/04 font definitions for OT1/ptm.
)
<./image/dispersion1.png, id=56, 316.93407pt x 221.32687pt>
File: ./image/dispersion1.png Graphic file (type png)
<use ./image/dispersion1.png>
Package pdftex.def Info: ./image/dispersion1.png  used on input line 156.
(pdftex.def)             Requested size: 289.07999pt x 201.89069pt.

Underfull \hbox (badness 10000) in paragraph at lines 160--161

 []


Underfull \hbox (badness 10000) in paragraph at lines 163--164

 []

Package babel Info: Redefining spanish shorthand <<
(babel)             in language  on input line 175.
Package babel Info: Redefining spanish shorthand >>
(babel)             in language  on input line 175.
Package babel Info: Redefining spanish shorthand "=
(babel)             in language  on input line 175.
Package babel Info: Redefining spanish shorthand "~
(babel)             in language  on input line 175.
Package babel Info: Redefining spanish shorthand "!
(babel)             in language  on input line 175.
Package babel Info: Redefining spanish shorthand "?
(babel)             in language  on input line 175.
Package babel Info: Redefining spanish shorthand <<
(babel)             in language  on input line 175.
Package babel Info: Redefining spanish shorthand >>
(babel)             in language  on input line 175.
Package babel Info: Redefining spanish shorthand "=
(babel)             in language  on input line 175.
Package babel Info: Redefining spanish shorthand "~
(babel)             in language  on input line 175.
Package babel Info: Redefining spanish shorthand "!
(babel)             in language  on input line 175.
Package babel Info: Redefining spanish shorthand "?
(babel)             in language  on input line 175.
[4 <./image/dispersion1.png (PNG copy)>]
Package babel Info: Redefining spanish shorthand <<
(babel)             in language  on input line 178.
Package babel Info: Redefining spanish shorthand >>
(babel)             in language  on input line 178.
Package babel Info: Redefining spanish shorthand "=
(babel)             in language  on input line 178.
Package babel Info: Redefining spanish shorthand "~
(babel)             in language  on input line 178.
Package babel Info: Redefining spanish shorthand "!
(babel)             in language  on input line 178.
Package babel Info: Redefining spanish shorthand "?
(babel)             in language  on input line 178.
<./image/res1.png, id=67, 316.93407pt x 221.32687pt>
File: ./image/res1.png Graphic file (type png)
<use ./image/res1.png>
Package pdftex.def Info: ./image/res1.png  used on input line 223.
(pdftex.def)             Requested size: 289.07999pt x 201.89069pt.
Package babel Info: Redefining spanish shorthand <<
(babel)             in language  on input line 245.
Package babel Info: Redefining spanish shorthand >>
(babel)             in language  on input line 245.
Package babel Info: Redefining spanish shorthand "=
(babel)             in language  on input line 245.
Package babel Info: Redefining spanish shorthand "~
(babel)             in language  on input line 245.
Package babel Info: Redefining spanish shorthand "!
(babel)             in language  on input line 245.
Package babel Info: Redefining spanish shorthand "?
(babel)             in language  on input line 245.
Package babel Info: Redefining spanish shorthand <<
(babel)             in language  on input line 245.
Package babel Info: Redefining spanish shorthand >>
(babel)             in language  on input line 245.
Package babel Info: Redefining spanish shorthand "=
(babel)             in language  on input line 245.
Package babel Info: Redefining spanish shorthand "~
(babel)             in language  on input line 245.
Package babel Info: Redefining spanish shorthand "!
(babel)             in language  on input line 245.
Package babel Info: Redefining spanish shorthand "?
(babel)             in language  on input line 245.
 [5 <./image/res1.png>]
<./image/hist1.png, id=76, 316.93407pt x 221.32687pt>
File: ./image/hist1.png Graphic file (type png)
<use ./image/hist1.png>
Package pdftex.def Info: ./image/hist1.png  used on input line 265.
(pdftex.def)             Requested size: 289.07999pt x 201.89069pt.
Package babel Info: Redefining spanish shorthand <<
(babel)             in language  on input line 269.
Package babel Info: Redefining spanish shorthand >>
(babel)             in language  on input line 269.
Package babel Info: Redefining spanish shorthand "=
(babel)             in language  on input line 269.
Package babel Info: Redefining spanish shorthand "~
(babel)             in language  on input line 269.
Package babel Info: Redefining spanish shorthand "!
(babel)             in language  on input line 269.
Package babel Info: Redefining spanish shorthand "?
(babel)             in language  on input line 269.
Package babel Info: Redefining spanish shorthand <<
(babel)             in language  on input line 269.
Package babel Info: Redefining spanish shorthand >>
(babel)             in language  on input line 269.
Package babel Info: Redefining spanish shorthand "=
(babel)             in language  on input line 269.
Package babel Info: Redefining spanish shorthand "~
(babel)             in language  on input line 269.
Package babel Info: Redefining spanish shorthand "!
(babel)             in language  on input line 269.
Package babel Info: Redefining spanish shorthand "?
(babel)             in language  on input line 269.
 [6 <./image/hist1.png>]
<./image/qqplot1.png, id=83, 316.93407pt x 221.32687pt>
File: ./image/qqplot1.png Graphic file (type png)
<use ./image/qqplot1.png>
Package pdftex.def Info: ./image/qqplot1.png  used on input line 273.
(pdftex.def)             Requested size: 289.07999pt x 201.89069pt.
Package babel Info: Redefining spanish shorthand <<
(babel)             in language  on input line 283.
Package babel Info: Redefining spanish shorthand >>
(babel)             in language  on input line 283.
Package babel Info: Redefining spanish shorthand "=
(babel)             in language  on input line 283.
Package babel Info: Redefining spanish shorthand "~
(babel)             in language  on input line 283.
Package babel Info: Redefining spanish shorthand "!
(babel)             in language  on input line 283.
Package babel Info: Redefining spanish shorthand "?
(babel)             in language  on input line 283.

Underfull \hbox (badness 10000) in paragraph at lines 308--310

 []


Underfull \hbox (badness 10000) in paragraph at lines 311--313

 []

<./image/dispersion2.png, id=84, 316.93407pt x 221.32687pt>
File: ./image/dispersion2.png Graphic file (type png)
<use ./image/dispersion2.png>
Package pdftex.def Info: ./image/dispersion2.png  used on input line 337.
(pdftex.def)             Requested size: 289.07999pt x 201.89069pt.

LaTeX Warning: `!h' float specifier changed to `!ht'.

Package babel Info: Redefining spanish shorthand <<
(babel)             in language  on input line 343.
Package babel Info: Redefining spanish shorthand >>
(babel)             in language  on input line 343.
Package babel Info: Redefining spanish shorthand "=
(babel)             in language  on input line 343.
Package babel Info: Redefining spanish shorthand "~
(babel)             in language  on input line 343.
Package babel Info: Redefining spanish shorthand "!
(babel)             in language  on input line 343.
Package babel Info: Redefining spanish shorthand "?
(babel)             in language  on input line 343.
Package babel Info: Redefining spanish shorthand <<
(babel)             in language  on input line 350.
Package babel Info: Redefining spanish shorthand >>
(babel)             in language  on input line 350.
Package babel Info: Redefining spanish shorthand "=
(babel)             in language  on input line 350.
Package babel Info: Redefining spanish shorthand "~
(babel)             in language  on input line 350.
Package babel Info: Redefining spanish shorthand "!
(babel)             in language  on input line 350.
Package babel Info: Redefining spanish shorthand "?
(babel)             in language  on input line 350.
Package babel Info: Redefining spanish shorthand <<
(babel)             in language  on input line 350.
Package babel Info: Redefining spanish shorthand >>
(babel)             in language  on input line 350.
Package babel Info: Redefining spanish shorthand "=
(babel)             in language  on input line 350.
Package babel Info: Redefining spanish shorthand "~
(babel)             in language  on input line 350.
Package babel Info: Redefining spanish shorthand "!
(babel)             in language  on input line 350.
Package babel Info: Redefining spanish shorthand "?
(babel)             in language  on input line 350.
[7 <./image/qqplot1.png>]
Package babel Info: Redefining spanish shorthand <<
(babel)             in language  on input line 384.
Package babel Info: Redefining spanish shorthand >>
(babel)             in language  on input line 384.
Package babel Info: Redefining spanish shorthand "=
(babel)             in language  on input line 384.
Package babel Info: Redefining spanish shorthand "~
(babel)             in language  on input line 384.
Package babel Info: Redefining spanish shorthand "!
(babel)             in language  on input line 384.
Package babel Info: Redefining spanish shorthand "?
(babel)             in language  on input line 384.
Package babel Info: Redefining spanish shorthand <<
(babel)             in language  on input line 384.
Package babel Info: Redefining spanish shorthand >>
(babel)             in language  on input line 384.
Package babel Info: Redefining spanish shorthand "=
(babel)             in language  on input line 384.
Package babel Info: Redefining spanish shorthand "~
(babel)             in language  on input line 384.
Package babel Info: Redefining spanish shorthand "!
(babel)             in language  on input line 384.
Package babel Info: Redefining spanish shorthand "?
(babel)             in language  on input line 384.
 [8 <./image/dispersion2.png (PNG copy)>]
<./image/res2.png, id=100, 316.93407pt x 221.32687pt>
File: ./image/res2.png Graphic file (type png)
<use ./image/res2.png>
Package pdftex.def Info: ./image/res2.png  used on input line 388.
(pdftex.def)             Requested size: 289.07999pt x 201.89069pt.
Package babel Info: Redefining spanish shorthand <<
(babel)             in language  on input line 429.
Package babel Info: Redefining spanish shorthand >>
(babel)             in language  on input line 429.
Package babel Info: Redefining spanish shorthand "=
(babel)             in language  on input line 429.
Package babel Info: Redefining spanish shorthand "~
(babel)             in language  on input line 429.
Package babel Info: Redefining spanish shorthand "!
(babel)             in language  on input line 429.
Package babel Info: Redefining spanish shorthand "?
(babel)             in language  on input line 429.
Package babel Info: Redefining spanish shorthand <<
(babel)             in language  on input line 429.
Package babel Info: Redefining spanish shorthand >>
(babel)             in language  on input line 429.
Package babel Info: Redefining spanish shorthand "=
(babel)             in language  on input line 429.
Package babel Info: Redefining spanish shorthand "~
(babel)             in language  on input line 429.
Package babel Info: Redefining spanish shorthand "!
(babel)             in language  on input line 429.
Package babel Info: Redefining spanish shorthand "?
(babel)             in language  on input line 429.
 [9 <./image/res2.png>]
<./image/hist2.png, id=107, 316.93407pt x 221.32687pt>
File: ./image/hist2.png Graphic file (type png)
<use ./image/hist2.png>
Package pdftex.def Info: ./image/hist2.png  used on input line 433.
(pdftex.def)             Requested size: 289.07999pt x 201.89069pt.
<./image/qqplot2.png, id=108, 316.93407pt x 221.32687pt>
File: ./image/qqplot2.png Graphic file (type png)
<use ./image/qqplot2.png>
Package pdftex.def Info: ./image/qqplot2.png  used on input line 440.
(pdftex.def)             Requested size: 289.07999pt x 201.89069pt.
Package babel Info: Redefining spanish shorthand <<
(babel)             in language  on input line 452.
Package babel Info: Redefining spanish shorthand >>
(babel)             in language  on input line 452.
Package babel Info: Redefining spanish shorthand "=
(babel)             in language  on input line 452.
Package babel Info: Redefining spanish shorthand "~
(babel)             in language  on input line 452.
Package babel Info: Redefining spanish shorthand "!
(babel)             in language  on input line 452.
Package babel Info: Redefining spanish shorthand "?
(babel)             in language  on input line 452.
Package babel Info: Redefining spanish shorthand <<
(babel)             in language  on input line 452.
Package babel Info: Redefining spanish shorthand >>
(babel)             in language  on input line 452.
Package babel Info: Redefining spanish shorthand "=
(babel)             in language  on input line 452.
Package babel Info: Redefining spanish shorthand "~
(babel)             in language  on input line 452.
Package babel Info: Redefining spanish shorthand "!
(babel)             in language  on input line 452.
Package babel Info: Redefining spanish shorthand "?
(babel)             in language  on input line 452.
 [10 <./image/hist2.png> <./image/qqplot2.png>]
Package babel Info: Redefining spanish shorthand <<
(babel)             in language  on input line 453.
Package babel Info: Redefining spanish shorthand >>
(babel)             in language  on input line 453.
Package babel Info: Redefining spanish shorthand "=
(babel)             in language  on input line 453.
Package babel Info: Redefining spanish shorthand "~
(babel)             in language  on input line 453.
Package babel Info: Redefining spanish shorthand "!
(babel)             in language  on input line 453.
Package babel Info: Redefining spanish shorthand "?
(babel)             in language  on input line 453.

Underfull \hbox (badness 10000) in paragraph at lines 484--485

 []


Underfull \hbox (badness 10000) in paragraph at lines 487--488

 []

<./image/dispersion3.png, id=117, 316.93407pt x 221.32687pt>
File: ./image/dispersion3.png Graphic file (type png)
<use ./image/dispersion3.png>
Package pdftex.def Info: ./image/dispersion3.png  used on input line 513.
(pdftex.def)             Requested size: 289.07999pt x 201.89069pt.

Underfull \hbox (badness 10000) in paragraph at lines 517--518

 []

Package babel Info: Redefining spanish shorthand <<
(babel)             in language  on input line 518.
Package babel Info: Redefining spanish shorthand >>
(babel)             in language  on input line 518.
Package babel Info: Redefining spanish shorthand "=
(babel)             in language  on input line 518.
Package babel Info: Redefining spanish shorthand "~
(babel)             in language  on input line 518.
Package babel Info: Redefining spanish shorthand "!
(babel)             in language  on input line 518.
Package babel Info: Redefining spanish shorthand "?
(babel)             in language  on input line 518.
Package babel Info: Redefining spanish shorthand <<
(babel)             in language  on input line 518.
Package babel Info: Redefining spanish shorthand >>
(babel)             in language  on input line 518.
Package babel Info: Redefining spanish shorthand "=
(babel)             in language  on input line 518.
Package babel Info: Redefining spanish shorthand "~
(babel)             in language  on input line 518.
Package babel Info: Redefining spanish shorthand "!
(babel)             in language  on input line 518.
Package babel Info: Redefining spanish shorthand "?
(babel)             in language  on input line 518.
[11 <./image/dispersion3.png (PNG copy)>]
Package babel Info: Redefining spanish shorthand <<
(babel)             in language  on input line 521.
Package babel Info: Redefining spanish shorthand >>
(babel)             in language  on input line 521.
Package babel Info: Redefining spanish shorthand "=
(babel)             in language  on input line 521.
Package babel Info: Redefining spanish shorthand "~
(babel)             in language  on input line 521.
Package babel Info: Redefining spanish shorthand "!
(babel)             in language  on input line 521.
Package babel Info: Redefining spanish shorthand "?
(babel)             in language  on input line 521.
<./image/res3.png, id=125, 316.93407pt x 221.32687pt>
File: ./image/res3.png Graphic file (type png)
<use ./image/res3.png>
Package pdftex.def Info: ./image/res3.png  used on input line 566.
(pdftex.def)             Requested size: 289.07999pt x 201.89069pt.
Package babel Info: Redefining spanish shorthand <<
(babel)             in language  on input line 582.
Package babel Info: Redefining spanish shorthand >>
(babel)             in language  on input line 582.
Package babel Info: Redefining spanish shorthand "=
(babel)             in language  on input line 582.
Package babel Info: Redefining spanish shorthand "~
(babel)             in language  on input line 582.
Package babel Info: Redefining spanish shorthand "!
(babel)             in language  on input line 582.
Package babel Info: Redefining spanish shorthand "?
(babel)             in language  on input line 582.
Package babel Info: Redefining spanish shorthand <<
(babel)             in language  on input line 582.
Package babel Info: Redefining spanish shorthand >>
(babel)             in language  on input line 582.
Package babel Info: Redefining spanish shorthand "=
(babel)             in language  on input line 582.
Package babel Info: Redefining spanish shorthand "~
(babel)             in language  on input line 582.
Package babel Info: Redefining spanish shorthand "!
(babel)             in language  on input line 582.
Package babel Info: Redefining spanish shorthand "?
(babel)             in language  on input line 582.
 [12 <./image/res3.png>]
<./image/hist3.png, id=133, 316.93407pt x 221.32687pt>
File: ./image/hist3.png Graphic file (type png)
<use ./image/hist3.png>
Package pdftex.def Info: ./image/hist3.png  used on input line 607.
(pdftex.def)             Requested size: 289.07999pt x 201.89069pt.
<./image/qqplot3.png, id=134, 316.93407pt x 221.32687pt>
File: ./image/qqplot3.png Graphic file (type png)
<use ./image/qqplot3.png>
Package pdftex.def Info: ./image/qqplot3.png  used on input line 614.
(pdftex.def)             Requested size: 289.07999pt x 201.89069pt.
Package babel Info: Redefining spanish shorthand <<
(babel)             in language  on input line 618.
Package babel Info: Redefining spanish shorthand >>
(babel)             in language  on input line 618.
Package babel Info: Redefining spanish shorthand "=
(babel)             in language  on input line 618.
Package babel Info: Redefining spanish shorthand "~
(babel)             in language  on input line 618.
Package babel Info: Redefining spanish shorthand "!
(babel)             in language  on input line 618.
Package babel Info: Redefining spanish shorthand "?
(babel)             in language  on input line 618.
Package babel Info: Redefining spanish shorthand <<
(babel)             in language  on input line 618.
Package babel Info: Redefining spanish shorthand >>
(babel)             in language  on input line 618.
Package babel Info: Redefining spanish shorthand "=
(babel)             in language  on input line 618.
Package babel Info: Redefining spanish shorthand "~
(babel)             in language  on input line 618.
Package babel Info: Redefining spanish shorthand "!
(babel)             in language  on input line 618.
Package babel Info: Redefining spanish shorthand "?
(babel)             in language  on input line 618.
 [13 <./image/hist3.png>]
Package atveryend Info: Empty hook `BeforeClearDocument' on input line 629.
Package babel Info: Redefining spanish shorthand <<
(babel)             in language  on input line 629.
Package babel Info: Redefining spanish shorthand >>
(babel)             in language  on input line 629.
Package babel Info: Redefining spanish shorthand "=
(babel)             in language  on input line 629.
Package babel Info: Redefining spanish shorthand "~
(babel)             in language  on input line 629.
Package babel Info: Redefining spanish shorthand "!
(babel)             in language  on input line 629.
Package babel Info: Redefining spanish shorthand "?
(babel)             in language  on input line 629.
Package babel Info: Redefining spanish shorthand <<
(babel)             in language  on input line 629.
Package babel Info: Redefining spanish shorthand >>
(babel)             in language  on input line 629.
Package babel Info: Redefining spanish shorthand "=
(babel)             in language  on input line 629.
Package babel Info: Redefining spanish shorthand "~
(babel)             in language  on input line 629.
Package babel Info: Redefining spanish shorthand "!
(babel)             in language  on input line 629.
Package babel Info: Redefining spanish shorthand "?
(babel)             in language  on input line 629.
 [14 <./image/qqplot3.png>]
Package atveryend Info: Empty hook `AfterLastShipout' on input line 629.
 (./document.aux
LaTeX Info: Redefining \. on input line 23.
LaTeX Info: Redefining \% on input line 23.
LaTeX Info: Redefining \. on input line 24.
LaTeX Info: Redefining \% on input line 24.
)
Package atveryend Info: Executing hook `AtVeryEndDocument' on input line 629.
Package atveryend Info: Executing hook `AtEndAfterFileList' on input line 629.
Package rerunfilecheck Info: File `document.out' has not changed.
(rerunfilecheck)             Checksum: 5B4A994F115345C8AF95CE68317C8526;410.
Package atveryend Info: Empty hook `AtVeryVeryEnd' on input line 629.
 ) 
Here is how much of TeX's memory you used:
 11288 strings out of 492982
 165612 string characters out of 6134896
 329218 words of memory out of 5000000
 14603 multiletter control sequences out of 15000+600000
 14924 words of font info for 57 fonts, out of 8000000 for 9000
 1141 hyphenation exceptions out of 8191
 42i,12n,40p,644b,475s stack positions out of 5000i,500n,10000p,200000b,80000s
{/usr/share/texlive/texmf-dist/fonts/enc/dvips/base/8r.enc}</usr/share/texliv
e/texmf-dist/fonts/type1/public/amsfonts/cm/cmbx12.pfb></usr/share/texlive/texm
f-dist/fonts/type1/public/amsfonts/cm/cmmi12.pfb></usr/share/texlive/texmf-dist
/fonts/type1/public/amsfonts/cm/cmr10.pfb></usr/share/texlive/texmf-dist/fonts/
type1/public/amsfonts/cm/cmr12.pfb></usr/share/texlive/texmf-dist/fonts/type1/p
ublic/amsfonts/cm/cmr17.pfb></usr/share/texlive/texmf-dist/fonts/type1/public/a
msfonts/cm/cmr8.pfb></usr/share/texlive/texmf-dist/fonts/type1/public/amsfonts/
cm/cmsy10.pfb></usr/share/texlive/texmf-dist/fonts/type1/urw/times/utmr8a.pfb>
Output written on document.pdf (14 pages, 190385 bytes).
PDF statistics:
 190 PDF objects out of 1000 (max. 8388607)
 143 compressed objects within 2 object streams
 43 named destinations out of 1000 (max. 500000)
 117 words of extra memory for PDF output out of 10000 (max. 10000000)

